# JRE version: Java(TM) SE Runtime Environment (8.0_20-b26) (build 1.8.0_20-b26)
# Java VM: Java HotSpot(TM) 64-Bit Server VM (25.20-b23 mixed mode windows-amd64 compressed oops)
Heap:
 PSYoungGen      total 263168K, used 248505K [0x00000000d6000000, 0x00000000e7b80000, 0x0000000100000000)
  eden space 253440K, 94% used [0x00000000d6000000,0x00000000e49a98f0,0x00000000e5780000)
  from space 9728K, 94% used [0x00000000e7200000,0x00000000e7b04c88,0x00000000e7b80000)
  to   space 17920K, 0% used [0x00000000e5880000,0x00000000e5880000,0x00000000e6a00000)
 ParOldGen       total 149504K, used 33630K [0x0000000082000000, 0x000000008b200000, 0x00000000d6000000)
  object space 149504K, 22% used [0x0000000082000000,0x00000000840d7b58,0x000000008b200000)
 Metaspace       used 70618K, capacity 72088K, committed 72576K, reserved 1114112K
  class space    used 8049K, capacity 8450K, committed 8576K, reserved 1048576K
GC Heap History (10 events):
Event: 18.032 GC heap before
{Heap before GC invocations=11 (full 2):
 PSYoungGen      total 173056K, used 53735K [0x00000000d6000000, 0x00000000e2000000, 0x0000000100000000)
  eden space 158720K, 24% used [0x00000000d6000000,0x00000000d867e798,0x00000000dfb00000)
  from space 14336K, 99% used [0x00000000e0c00000,0x00000000e19fb608,0x00000000e1a00000)
  to   space 17408K, 0% used [0x00000000dfb00000,0x00000000dfb00000,0x00000000e0c00000)
 ParOldGen       total 113664K, used 23759K [0x0000000082000000, 0x0000000088f00000, 0x00000000d6000000)
  object space 113664K, 20% used [0x0000000082000000,0x0000000083733eb0,0x0000000088f00000)
 Metaspace       used 57677K, capacity 58866K, committed 59136K, reserved 1101824K
  class space    used 6762K, capacity 7140K, committed 7168K, reserved 1048576K
Event: 18.110 GC heap after
Heap after GC invocations=11 (full 2):
 PSYoungGen      total 176128K, used 16430K [0x00000000d6000000, 0x00000000e5780000, 0x0000000100000000)
  eden space 158720K, 0% used [0x00000000d6000000,0x00000000d6000000,0x00000000dfb00000)
  from space 17408K, 94% used [0x00000000dfb00000,0x00000000e0b0bac8,0x00000000e0c00000)
  to   space 18944K, 0% used [0x00000000e4500000,0x00000000e4500000,0x00000000e5780000)
 ParOldGen       total 113664K, used 23759K [0x0000000082000000, 0x0000000088f00000, 0x00000000d6000000)
  object space 113664K, 20% used [0x0000000082000000,0x0000000083733eb0,0x0000000088f00000)
 Metaspace       used 57677K, capacity 58866K, committed 59136K, reserved 1101824K
  class space    used 6762K, capacity 7140K, committed 7168K, reserved 1048576K
}
Event: 18.110 GC heap before
{Heap before GC invocations=12 (full 3):
 PSYoungGen      total 176128K, used 16430K [0x00000000d6000000, 0x00000000e5780000, 0x0000000100000000)
  eden space 158720K, 0% used [0x00000000d6000000,0x00000000d6000000,0x00000000dfb00000)
  from space 17408K, 94% used [0x00000000dfb00000,0x00000000e0b0bac8,0x00000000e0c00000)
  to   space 18944K, 0% used [0x00000000e4500000,0x00000000e4500000,0x00000000e5780000)
 ParOldGen       total 113664K, used 23759K [0x0000000082000000, 0x0000000088f00000, 0x00000000d6000000)
  object space 113664K, 20% used [0x0000000082000000,0x0000000083733eb0,0x0000000088f00000)
 Metaspace       used 57677K, capacity 58866K, committed 59136K, reserved 1101824K
  class space    used 6762K, capacity 7140K, committed 7168K, reserved 1048576K
Event: 18.371 GC heap after
Heap after GC invocations=12 (full 3):
 PSYoungGen      total 176128K, used 0K [0x00000000d6000000, 0x00000000e5780000, 0x0000000100000000)
  eden space 158720K, 0% used [0x00000000d6000000,0x00000000d6000000,0x00000000dfb00000)
  from space 17408K, 0% used [0x00000000dfb00000,0x00000000dfb00000,0x00000000e0c00000)
  to   space 18944K, 0% used [0x00000000e4500000,0x00000000e4500000,0x00000000e5780000)
 ParOldGen       total 149504K, used 33614K [0x0000000082000000, 0x000000008b200000, 0x00000000d6000000)
  object space 149504K, 22% used [0x0000000082000000,0x00000000840d3b58,0x000000008b200000)
 Metaspace       used 57677K, capacity 58866K, committed 59136K, reserved 1101824K
  class space    used 6762K, capacity 7140K, committed 7168K, reserved 1048576K
}
Event: 20.963 GC heap before
{Heap before GC invocations=13 (full 3):
 PSYoungGen      total 176128K, used 158720K [0x00000000d6000000, 0x00000000e5780000, 0x0000000100000000)
  eden space 158720K, 100% used [0x00000000d6000000,0x00000000dfb00000,0x00000000dfb00000)
  from space 17408K, 0% used [0x00000000dfb00000,0x00000000dfb00000,0x00000000e0c00000)
  to   space 18944K, 0% used [0x00000000e4500000,0x00000000e4500000,0x00000000e5780000)
 ParOldGen       total 149504K, used 33614K [0x0000000082000000, 0x000000008b200000, 0x00000000d6000000)
  object space 149504K, 22% used [0x0000000082000000,0x00000000840d3b58,0x000000008b200000)
 Metaspace       used 62315K, capacity 63578K, committed 64000K, reserved 1105920K
  class space    used 7276K, capacity 7616K, committed 7680K, reserved 1048576K
Event: 20.995 GC heap after
Heap after GC invocations=13 (full 3):
 PSYoungGen      total 217088K, used 8730K [0x00000000d6000000, 0x00000000e4e80000, 0x0000000100000000)
  eden space 207360K, 0% used [0x00000000d6000000,0x00000000d6000000,0x00000000e2a80000)
  from space 9728K, 89% used [0x00000000e4500000,0x00000000e4d868f0,0x00000000e4e80000)
  to   space 18432K, 0% used [0x00000000e2a80000,0x00000000e2a80000,0x00000000e3c80000)
 ParOldGen       total 149504K, used 33622K [0x0000000082000000, 0x000000008b200000, 0x00000000d6000000)
  object space 149504K, 22% used [0x0000000082000000,0x00000000840d5b58,0x000000008b200000)
 Metaspace       used 62315K, capacity 63578K, committed 64000K, reserved 1105920K
  class space    used 7276K, capacity 7616K, committed 7680K, reserved 1048576K
}
Event: 463.239 GC heap before
{Heap before GC invocations=14 (full 3):
 PSYoungGen      total 217088K, used 216090K [0x00000000d6000000, 0x00000000e4e80000, 0x0000000100000000)
  eden space 207360K, 100% used [0x00000000d6000000,0x00000000e2a80000,0x00000000e2a80000)
  from space 9728K, 89% used [0x00000000e4500000,0x00000000e4d868f0,0x00000000e4e80000)
  to   space 18432K, 0% used [0x00000000e2a80000,0x00000000e2a80000,0x00000000e3c80000)
 ParOldGen       total 149504K, used 33622K [0x0000000082000000, 0x000000008b200000, 0x00000000d6000000)
  object space 149504K, 22% used [0x0000000082000000,0x00000000840d5b58,0x000000008b200000)
 Metaspace       used 69307K, capacity 70648K, committed 71168K, reserved 1112064K
  class space    used 7964K, capacity 8337K, committed 8448K, reserved 1048576K
Event: 463.257 GC heap after
Heap after GC invocations=14 (full 3):
 PSYoungGen      total 225792K, used 12711K [0x00000000d6000000, 0x00000000e8400000, 0x0000000100000000)
  eden space 207360K, 0% used [0x00000000d6000000,0x00000000d6000000,0x00000000e2a80000)
  from space 18432K, 68% used [0x00000000e2a80000,0x00000000e36e9d70,0x00000000e3c80000)
  to   space 18432K, 0% used [0x00000000e7200000,0x00000000e7200000,0x00000000e8400000)
 ParOldGen       total 149504K, used 33622K [0x0000000082000000, 0x000000008b200000, 0x00000000d6000000)
  object space 149504K, 22% used [0x0000000082000000,0x00000000840d5b58,0x000000008b200000)
 Metaspace       used 69307K, capacity 70648K, committed 71168K, reserved 1112064K
  class space    used 7964K, capacity 8337K, committed 8448K, reserved 1048576K
}
Event: 793.675 GC heap before
{Heap before GC invocations=15 (full 3):
 PSYoungGen      total 225792K, used 220071K [0x00000000d6000000, 0x00000000e8400000, 0x0000000100000000)
  eden space 207360K, 100% used [0x00000000d6000000,0x00000000e2a80000,0x00000000e2a80000)
  from space 18432K, 68% used [0x00000000e2a80000,0x00000000e36e9d70,0x00000000e3c80000)
  to   space 18432K, 0% used [0x00000000e7200000,0x00000000e7200000,0x00000000e8400000)
 ParOldGen       total 149504K, used 33622K [0x0000000082000000, 0x000000008b200000, 0x00000000d6000000)
  object space 149504K, 22% used [0x0000000082000000,0x00000000840d5b58,0x000000008b200000)
 Metaspace       used 69656K, capacity 71048K, committed 71424K, reserved 1112064K
  class space    used 7973K, capacity 8377K, committed 8448K, reserved 1048576K
Event: 793.700 GC heap after
Heap after GC invocations=15 (full 3):
 PSYoungGen      total 263168K, used 9235K [0x00000000d6000000, 0x00000000e7b80000, 0x0000000100000000)
  eden space 253440K, 0% used [0x00000000d6000000,0x00000000d6000000,0x00000000e5780000)
  from space 9728K, 94% used [0x00000000e7200000,0x00000000e7b04c88,0x00000000e7b80000)
  to   space 17920K, 0% used [0x00000000e5880000,0x00000000e5880000,0x00000000e6a00000)
 ParOldGen       total 149504K, used 33630K [0x0000000082000000, 0x000000008b200000, 0x00000000d6000000)
  object space 149504K, 22% used [0x0000000082000000,0x00000000840d7b58,0x000000008b200000)
 Metaspace       used 69656K, capacity 71048K, committed 71424K, reserved 1112064K
  class space    used 7973K, capacity 8377K, committed 8448K, reserved 1048576K
}

