# JRE version: Java(TM) SE Runtime Environment (8.0_20-b26) (build 1.8.0_20-b26)
# Java VM: Java HotSpot(TM) 64-Bit Server VM (25.20-b23 mixed mode windows-amd64 compressed oops)
Heap:
 PSYoungGen      total 193024K, used 36376K [0x00000000d6000000, 0x00000000e4f80000, 0x0000000100000000)
  eden space 177664K, 15% used [0x00000000d6000000,0x00000000d7b64a40,0x00000000e0d80000)
  from space 15360K, 54% used [0x00000000e0d80000,0x00000000e15a1870,0x00000000e1c80000)
  to   space 14848K, 0% used [0x00000000e4100000,0x00000000e4100000,0x00000000e4f80000)
 ParOldGen       total 155136K, used 33012K [0x0000000082000000, 0x000000008b780000, 0x00000000d6000000)
  object space 155136K, 21% used [0x0000000082000000,0x000000008403d250,0x000000008b780000)
 Metaspace       used 70259K, capacity 71718K, committed 72064K, reserved 1112064K
  class space    used 8058K, capacity 8456K, committed 8576K, reserved 1048576K
GC Heap History (10 events):
Event: 25182.687 GC heap before
{Heap before GC invocations=20 (full 3):
 PSYoungGen      total 145408K, used 139642K [0x00000000d6000000, 0x00000000e0480000, 0x0000000100000000)
  eden space 132608K, 100% used [0x00000000d6000000,0x00000000de180000,0x00000000de180000)
  from space 12800K, 54% used [0x00000000df800000,0x00000000dfedebb8,0x00000000e0480000)
  to   space 17920K, 0% used [0x00000000de180000,0x00000000de180000,0x00000000df300000)
 ParOldGen       total 155136K, used 32996K [0x0000000082000000, 0x000000008b780000, 0x00000000d6000000)
  object space 155136K, 21% used [0x0000000082000000,0x0000000084039250,0x000000008b780000)
 Metaspace       used 67910K, capacity 69192K, committed 69760K, reserved 1110016K
  class space    used 7839K, capacity 8201K, committed 8320K, reserved 1048576K
Event: 25182.700 GC heap after
Heap after GC invocations=20 (full 3):
 PSYoungGen      total 150528K, used 11101K [0x00000000d6000000, 0x00000000e1680000, 0x0000000100000000)
  eden space 132608K, 0% used [0x00000000d6000000,0x00000000d6000000,0x00000000de180000)
  from space 17920K, 61% used [0x00000000de180000,0x00000000dec576e0,0x00000000df300000)
  to   space 17408K, 0% used [0x00000000e0580000,0x00000000e0580000,0x00000000e1680000)
 ParOldGen       total 155136K, used 32996K [0x0000000082000000, 0x000000008b780000, 0x00000000d6000000)
  object space 155136K, 21% used [0x0000000082000000,0x0000000084039250,0x000000008b780000)
 Metaspace       used 67910K, capacity 69192K, committed 69760K, reserved 1110016K
  class space    used 7839K, capacity 8201K, committed 8320K, reserved 1048576K
}
Event: 25183.440 GC heap before
{Heap before GC invocations=21 (full 3):
 PSYoungGen      total 150528K, used 143709K [0x00000000d6000000, 0x00000000e1680000, 0x0000000100000000)
  eden space 132608K, 100% used [0x00000000d6000000,0x00000000de180000,0x00000000de180000)
  from space 17920K, 61% used [0x00000000de180000,0x00000000dec576e0,0x00000000df300000)
  to   space 17408K, 0% used [0x00000000e0580000,0x00000000e0580000,0x00000000e1680000)
 ParOldGen       total 155136K, used 32996K [0x0000000082000000, 0x000000008b780000, 0x00000000d6000000)
  object space 155136K, 21% used [0x0000000082000000,0x0000000084039250,0x000000008b780000)
 Metaspace       used 68514K, capacity 69870K, committed 70272K, reserved 1112064K
  class space    used 7876K, capacity 8244K, committed 8320K, reserved 1048576K
Event: 25183.451 GC heap after
Heap after GC invocations=21 (full 3):
 PSYoungGen      total 168448K, used 9357K [0x00000000d6000000, 0x00000000e1580000, 0x0000000100000000)
  eden space 152064K, 0% used [0x00000000d6000000,0x00000000d6000000,0x00000000df480000)
  from space 16384K, 57% used [0x00000000e0580000,0x00000000e0ea34f8,0x00000000e1580000)
  to   space 16896K, 0% used [0x00000000df480000,0x00000000df480000,0x00000000e0500000)
 ParOldGen       total 155136K, used 33004K [0x0000000082000000, 0x000000008b780000, 0x00000000d6000000)
  object space 155136K, 21% used [0x0000000082000000,0x000000008403b250,0x000000008b780000)
 Metaspace       used 68514K, capacity 69870K, committed 70272K, reserved 1112064K
  class space    used 7876K, capacity 8244K, committed 8320K, reserved 1048576K
}
Event: 25183.929 GC heap before
{Heap before GC invocations=22 (full 3):
 PSYoungGen      total 168448K, used 161421K [0x00000000d6000000, 0x00000000e1580000, 0x0000000100000000)
  eden space 152064K, 100% used [0x00000000d6000000,0x00000000df480000,0x00000000df480000)
  from space 16384K, 57% used [0x00000000e0580000,0x00000000e0ea34f8,0x00000000e1580000)
  to   space 16896K, 0% used [0x00000000df480000,0x00000000df480000,0x00000000e0500000)
 ParOldGen       total 155136K, used 33004K [0x0000000082000000, 0x000000008b780000, 0x00000000d6000000)
  object space 155136K, 21% used [0x0000000082000000,0x000000008403b250,0x000000008b780000)
 Metaspace       used 68558K, capacity 69936K, committed 70272K, reserved 1112064K
  class space    used 7882K, capacity 8255K, committed 8320K, reserved 1048576K
Event: 25183.942 GC heap after
Heap after GC invocations=22 (full 3):
 PSYoungGen      total 168960K, used 8714K [0x00000000d6000000, 0x00000000e2c80000, 0x0000000100000000)
  eden space 152064K, 0% used [0x00000000d6000000,0x00000000d6000000,0x00000000df480000)
  from space 16896K, 51% used [0x00000000df480000,0x00000000dfd02a20,0x00000000e0500000)
  to   space 16384K, 0% used [0x00000000e1c80000,0x00000000e1c80000,0x00000000e2c80000)
 ParOldGen       total 155136K, used 33004K [0x0000000082000000, 0x000000008b780000, 0x00000000d6000000)
  object space 155136K, 21% used [0x0000000082000000,0x000000008403b250,0x000000008b780000)
 Metaspace       used 68558K, capacity 69936K, committed 70272K, reserved 1112064K
  class space    used 7882K, capacity 8255K, committed 8320K, reserved 1048576K
}
Event: 25184.333 GC heap before
{Heap before GC invocations=23 (full 3):
 PSYoungGen      total 168960K, used 160776K [0x00000000d6000000, 0x00000000e2c80000, 0x0000000100000000)
  eden space 152064K, 99% used [0x00000000d6000000,0x00000000df47f8f8,0x00000000df480000)
  from space 16896K, 51% used [0x00000000df480000,0x00000000dfd02a20,0x00000000e0500000)
  to   space 16384K, 0% used [0x00000000e1c80000,0x00000000e1c80000,0x00000000e2c80000)
 ParOldGen       total 155136K, used 33004K [0x0000000082000000, 0x000000008b780000, 0x00000000d6000000)
  object space 155136K, 21% used [0x0000000082000000,0x000000008403b250,0x000000008b780000)
 Metaspace       used 68561K, capacity 69936K, committed 70272K, reserved 1112064K
  class space    used 7882K, capacity 8255K, committed 8320K, reserved 1048576K
Event: 25184.379 GC heap after
Heap after GC invocations=23 (full 3):
 PSYoungGen      total 194048K, used 8718K [0x00000000d6000000, 0x00000000e3680000, 0x0000000100000000)
  eden space 177664K, 0% used [0x00000000d6000000,0x00000000d6000000,0x00000000e0d80000)
  from space 16384K, 53% used [0x00000000e1c80000,0x00000000e2503a60,0x00000000e2c80000)
  to   space 15360K, 0% used [0x00000000e0d80000,0x00000000e0d80000,0x00000000e1c80000)
 ParOldGen       total 155136K, used 33004K [0x0000000082000000, 0x000000008b780000, 0x00000000d6000000)
  object space 155136K, 21% used [0x0000000082000000,0x000000008403b250,0x000000008b780000)
 Metaspace       used 68561K, capacity 69936K, committed 70272K, reserved 1112064K
  class space    used 7882K, capacity 8255K, committed 8320K, reserved 1048576K
}
Event: 25891.533 GC heap before
{Heap before GC invocations=24 (full 3):
 PSYoungGen      total 194048K, used 186382K [0x00000000d6000000, 0x00000000e3680000, 0x0000000100000000)
  eden space 177664K, 100% used [0x00000000d6000000,0x00000000e0d80000,0x00000000e0d80000)
  from space 16384K, 53% used [0x00000000e1c80000,0x00000000e2503a60,0x00000000e2c80000)
  to   space 15360K, 0% used [0x00000000e0d80000,0x00000000e0d80000,0x00000000e1c80000)
 ParOldGen       total 155136K, used 33004K [0x0000000082000000, 0x000000008b780000, 0x00000000d6000000)
  object space 155136K, 21% used [0x0000000082000000,0x000000008403b250,0x000000008b780000)
 Metaspace       used 69464K, capacity 70864K, committed 71424K, reserved 1112064K
  class space    used 7978K, capacity 8351K, committed 8448K, reserved 1048576K
Event: 25891.580 GC heap after
Heap after GC invocations=24 (full 3):
 PSYoungGen      total 193024K, used 8326K [0x00000000d6000000, 0x00000000e4f80000, 0x0000000100000000)
  eden space 177664K, 0% used [0x00000000d6000000,0x00000000d6000000,0x00000000e0d80000)
  from space 15360K, 54% used [0x00000000e0d80000,0x00000000e15a1870,0x00000000e1c80000)
  to   space 14848K, 0% used [0x00000000e4100000,0x00000000e4100000,0x00000000e4f80000)
 ParOldGen       total 155136K, used 33012K [0x0000000082000000, 0x000000008b780000, 0x00000000d6000000)
  object space 155136K, 21% used [0x0000000082000000,0x000000008403d250,0x000000008b780000)
 Metaspace       used 69464K, capacity 70864K, committed 71424K, reserved 1112064K
  class space    used 7978K, capacity 8351K, committed 8448K, reserved 1048576K
}

