# JRE version: Java(TM) SE Runtime Environment (8.0_20-b26) (build 1.8.0_20-b26)
# Java VM: Java HotSpot(TM) 64-Bit Server VM (25.20-b23 mixed mode windows-amd64 compressed oops)
Heap:
 PSYoungGen      total 195584K, used 168948K [0x00000000d6000000, 0x00000000e4a80000, 0x0000000100000000)
  eden space 180224K, 88% used [0x00000000d6000000,0x00000000dfb584b0,0x00000000e1000000)
  from space 15360K, 64% used [0x00000000e1000000,0x00000000e19a4cc8,0x00000000e1f00000)
  to   space 14848K, 0% used [0x00000000e3c00000,0x00000000e3c00000,0x00000000e4a80000)
 ParOldGen       total 168960K, used 35836K [0x0000000082000000, 0x000000008c500000, 0x00000000d6000000)
  object space 168960K, 21% used [0x0000000082000000,0x00000000842ff1a0,0x000000008c500000)
 Metaspace       used 70309K, capacity 71734K, committed 72192K, reserved 1114112K
  class space    used 8043K, capacity 8448K, committed 8448K, reserved 1048576K
GC Heap History (10 events):
Event: 12.438 GC heap before
{Heap before GC invocations=14 (full 3):
 PSYoungGen      total 151552K, used 137728K [0x00000000d6000000, 0x00000000e0b80000, 0x0000000100000000)
  eden space 137728K, 100% used [0x00000000d6000000,0x00000000de680000,0x00000000de680000)
  from space 13824K, 0% used [0x00000000df700000,0x00000000df700000,0x00000000e0480000)
  to   space 16896K, 0% used [0x00000000de680000,0x00000000de680000,0x00000000df700000)
 ParOldGen       total 168960K, used 35812K [0x0000000082000000, 0x000000008c500000, 0x00000000d6000000)
  object space 168960K, 21% used [0x0000000082000000,0x00000000842f91a0,0x000000008c500000)
 Metaspace       used 61605K, capacity 62920K, committed 63360K, reserved 1105920K
  class space    used 7209K, capacity 7549K, committed 7552K, reserved 1048576K
Event: 12.450 GC heap after
Heap after GC invocations=14 (full 3):
 PSYoungGen      total 154624K, used 7498K [0x00000000d6000000, 0x00000000e1d80000, 0x0000000100000000)
  eden space 137728K, 0% used [0x00000000d6000000,0x00000000d6000000,0x00000000de680000)
  from space 16896K, 44% used [0x00000000de680000,0x00000000dedd2948,0x00000000df700000)
  to   space 16384K, 0% used [0x00000000e0d80000,0x00000000e0d80000,0x00000000e1d80000)
 ParOldGen       total 168960K, used 35820K [0x0000000082000000, 0x000000008c500000, 0x00000000d6000000)
  object space 168960K, 21% used [0x0000000082000000,0x00000000842fb1a0,0x000000008c500000)
 Metaspace       used 61605K, capacity 62920K, committed 63360K, reserved 1105920K
  class space    used 7209K, capacity 7549K, committed 7552K, reserved 1048576K
}
Event: 18.679 GC heap before
{Heap before GC invocations=15 (full 3):
 PSYoungGen      total 154624K, used 145226K [0x00000000d6000000, 0x00000000e1d80000, 0x0000000100000000)
  eden space 137728K, 100% used [0x00000000d6000000,0x00000000de680000,0x00000000de680000)
  from space 16896K, 44% used [0x00000000de680000,0x00000000dedd2948,0x00000000df700000)
  to   space 16384K, 0% used [0x00000000e0d80000,0x00000000e0d80000,0x00000000e1d80000)
 ParOldGen       total 168960K, used 35820K [0x0000000082000000, 0x000000008c500000, 0x00000000d6000000)
  object space 168960K, 21% used [0x0000000082000000,0x00000000842fb1a0,0x000000008c500000)
 Metaspace       used 66613K, capacity 67952K, committed 68352K, reserved 1110016K
  class space    used 7742K, capacity 8133K, committed 8192K, reserved 1048576K
Event: 18.695 GC heap after
Heap after GC invocations=15 (full 3):
 PSYoungGen      total 170496K, used 11542K [0x00000000d6000000, 0x00000000e1a00000, 0x0000000100000000)
  eden space 157696K, 0% used [0x00000000d6000000,0x00000000d6000000,0x00000000dfa00000)
  from space 12800K, 90% used [0x00000000e0d80000,0x00000000e18c59a8,0x00000000e1a00000)
  to   space 16384K, 0% used [0x00000000dfa00000,0x00000000dfa00000,0x00000000e0a00000)
 ParOldGen       total 168960K, used 35820K [0x0000000082000000, 0x000000008c500000, 0x00000000d6000000)
  object space 168960K, 21% used [0x0000000082000000,0x00000000842fb1a0,0x000000008c500000)
 Metaspace       used 66613K, capacity 67952K, committed 68352K, reserved 1110016K
  class space    used 7742K, capacity 8133K, committed 8192K, reserved 1048576K
}
Event: 20.709 GC heap before
{Heap before GC invocations=16 (full 3):
 PSYoungGen      total 170496K, used 169238K [0x00000000d6000000, 0x00000000e1a00000, 0x0000000100000000)
  eden space 157696K, 100% used [0x00000000d6000000,0x00000000dfa00000,0x00000000dfa00000)
  from space 12800K, 90% used [0x00000000e0d80000,0x00000000e18c59a8,0x00000000e1a00000)
  to   space 16384K, 0% used [0x00000000dfa00000,0x00000000dfa00000,0x00000000e0a00000)
 ParOldGen       total 168960K, used 35820K [0x0000000082000000, 0x000000008c500000, 0x00000000d6000000)
  object space 168960K, 21% used [0x0000000082000000,0x00000000842fb1a0,0x000000008c500000)
 Metaspace       used 68313K, capacity 69720K, committed 70272K, reserved 1112064K
  class space    used 7864K, capacity 8251K, committed 8320K, reserved 1048576K
Event: 20.722 GC heap after
Heap after GC invocations=16 (full 3):
 PSYoungGen      total 174080K, used 10279K [0x00000000d6000000, 0x00000000e2e80000, 0x0000000100000000)
  eden space 157696K, 0% used [0x00000000d6000000,0x00000000d6000000,0x00000000dfa00000)
  from space 16384K, 62% used [0x00000000dfa00000,0x00000000e0409f38,0x00000000e0a00000)
  to   space 15872K, 0% used [0x00000000e1f00000,0x00000000e1f00000,0x00000000e2e80000)
 ParOldGen       total 168960K, used 35820K [0x0000000082000000, 0x000000008c500000, 0x00000000d6000000)
  object space 168960K, 21% used [0x0000000082000000,0x00000000842fb1a0,0x000000008c500000)
 Metaspace       used 68313K, capacity 69720K, committed 70272K, reserved 1112064K
  class space    used 7864K, capacity 8251K, committed 8320K, reserved 1048576K
}
Event: 21.575 GC heap before
{Heap before GC invocations=17 (full 3):
 PSYoungGen      total 174080K, used 167975K [0x00000000d6000000, 0x00000000e2e80000, 0x0000000100000000)
  eden space 157696K, 100% used [0x00000000d6000000,0x00000000dfa00000,0x00000000dfa00000)
  from space 16384K, 62% used [0x00000000dfa00000,0x00000000e0409f38,0x00000000e0a00000)
  to   space 15872K, 0% used [0x00000000e1f00000,0x00000000e1f00000,0x00000000e2e80000)
 ParOldGen       total 168960K, used 35820K [0x0000000082000000, 0x000000008c500000, 0x00000000d6000000)
  object space 168960K, 21% used [0x0000000082000000,0x00000000842fb1a0,0x000000008c500000)
 Metaspace       used 68461K, capacity 69848K, committed 70272K, reserved 1112064K
  class space    used 7878K, capacity 8251K, committed 8320K, reserved 1048576K
Event: 21.586 GC heap after
Heap after GC invocations=17 (full 3):
 PSYoungGen      total 196096K, used 9650K [0x00000000d6000000, 0x00000000e2f80000, 0x0000000100000000)
  eden space 180224K, 0% used [0x00000000d6000000,0x00000000d6000000,0x00000000e1000000)
  from space 15872K, 60% used [0x00000000e1f00000,0x00000000e286ca90,0x00000000e2e80000)
  to   space 15360K, 0% used [0x00000000e1000000,0x00000000e1000000,0x00000000e1f00000)
 ParOldGen       total 168960K, used 35828K [0x0000000082000000, 0x000000008c500000, 0x00000000d6000000)
  object space 168960K, 21% used [0x0000000082000000,0x00000000842fd1a0,0x000000008c500000)
 Metaspace       used 68461K, capacity 69848K, committed 70272K, reserved 1112064K
  class space    used 7878K, capacity 8251K, committed 8320K, reserved 1048576K
}
Event: 22.331 GC heap before
{Heap before GC invocations=18 (full 3):
 PSYoungGen      total 196096K, used 189874K [0x00000000d6000000, 0x00000000e2f80000, 0x0000000100000000)
  eden space 180224K, 100% used [0x00000000d6000000,0x00000000e1000000,0x00000000e1000000)
  from space 15872K, 60% used [0x00000000e1f00000,0x00000000e286ca90,0x00000000e2e80000)
  to   space 15360K, 0% used [0x00000000e1000000,0x00000000e1000000,0x00000000e1f00000)
 ParOldGen       total 168960K, used 35828K [0x0000000082000000, 0x000000008c500000, 0x00000000d6000000)
  object space 168960K, 21% used [0x0000000082000000,0x00000000842fd1a0,0x000000008c500000)
 Metaspace       used 68580K, capacity 69982K, committed 70528K, reserved 1112064K
  class space    used 7879K, capacity 8252K, committed 8320K, reserved 1048576K
Event: 22.342 GC heap after
Heap after GC invocations=18 (full 3):
 PSYoungGen      total 195584K, used 9875K [0x00000000d6000000, 0x00000000e4a80000, 0x0000000100000000)
  eden space 180224K, 0% used [0x00000000d6000000,0x00000000d6000000,0x00000000e1000000)
  from space 15360K, 64% used [0x00000000e1000000,0x00000000e19a4cc8,0x00000000e1f00000)
  to   space 14848K, 0% used [0x00000000e3c00000,0x00000000e3c00000,0x00000000e4a80000)
 ParOldGen       total 168960K, used 35836K [0x0000000082000000, 0x000000008c500000, 0x00000000d6000000)
  object space 168960K, 21% used [0x0000000082000000,0x00000000842ff1a0,0x000000008c500000)
 Metaspace       used 68580K, capacity 69982K, committed 70528K, reserved 1112064K
  class space    used 7879K, capacity 8252K, committed 8320K, reserved 1048576K
}

