# JRE version: Java(TM) SE Runtime Environment (8.0_20-b26) (build 1.8.0_20-b26)
# Java VM: Java HotSpot(TM) 64-Bit Server VM (25.20-b23 mixed mode windows-amd64 compressed oops)
Heap:
 PSYoungGen      total 154624K, used 70536K [0x00000000d6000000, 0x00000000e2000000, 0x0000000100000000)
  eden space 137728K, 45% used [0x00000000d6000000,0x00000000d9da95a8,0x00000000de680000)
  from space 16896K, 43% used [0x00000000de680000,0x00000000dedb8c80,0x00000000df700000)
  to   space 16896K, 0% used [0x00000000e0f80000,0x00000000e0f80000,0x00000000e2000000)
 ParOldGen       total 166400K, used 35432K [0x0000000082000000, 0x000000008c280000, 0x00000000d6000000)
  object space 166400K, 21% used [0x0000000082000000,0x000000008429a110,0x000000008c280000)
 Metaspace       used 63727K, capacity 65020K, committed 65536K, reserved 1107968K
  class space    used 7449K, capacity 7815K, committed 7936K, reserved 1048576K
GC Heap History (10 events):
Event: 10.174 GC heap before
{Heap before GC invocations=10 (full 2):
 PSYoungGen      total 99840K, used 96890K [0x00000000d6000000, 0x00000000dea80000, 0x0000000100000000)
  eden space 88064K, 100% used [0x00000000d6000000,0x00000000db600000,0x00000000db600000)
  from space 11776K, 74% used [0x00000000db600000,0x00000000dbe9eae8,0x00000000dc180000)
  to   space 11776K, 0% used [0x00000000ddf00000,0x00000000ddf00000,0x00000000dea80000)
 ParOldGen       total 115200K, used 20624K [0x0000000082000000, 0x0000000089080000, 0x00000000d6000000)
  object space 115200K, 17% used [0x0000000082000000,0x0000000083424278,0x0000000089080000)
 Metaspace       used 45884K, capacity 47090K, committed 47360K, reserved 1091584K
  class space    used 5516K, capacity 5876K, committed 5888K, reserved 1048576K
Event: 10.186 GC heap after
Heap after GC invocations=10 (full 2):
 PSYoungGen      total 128000K, used 10154K [0x00000000d6000000, 0x00000000dea00000, 0x0000000100000000)
  eden space 116736K, 0% used [0x00000000d6000000,0x00000000d6000000,0x00000000dd200000)
  from space 11264K, 90% used [0x00000000ddf00000,0x00000000de8ea860,0x00000000dea00000)
  to   space 12288K, 0% used [0x00000000dd200000,0x00000000dd200000,0x00000000dde00000)
 ParOldGen       total 115200K, used 20632K [0x0000000082000000, 0x0000000089080000, 0x00000000d6000000)
  object space 115200K, 17% used [0x0000000082000000,0x0000000083426278,0x0000000089080000)
 Metaspace       used 45884K, capacity 47090K, committed 47360K, reserved 1091584K
  class space    used 5516K, capacity 5876K, committed 5888K, reserved 1048576K
}
Event: 11.704 GC heap before
{Heap before GC invocations=11 (full 2):
 PSYoungGen      total 128000K, used 126890K [0x00000000d6000000, 0x00000000dea00000, 0x0000000100000000)
  eden space 116736K, 100% used [0x00000000d6000000,0x00000000dd200000,0x00000000dd200000)
  from space 11264K, 90% used [0x00000000ddf00000,0x00000000de8ea860,0x00000000dea00000)
  to   space 12288K, 0% used [0x00000000dd200000,0x00000000dd200000,0x00000000dde00000)
 ParOldGen       total 115200K, used 20632K [0x0000000082000000, 0x0000000089080000, 0x00000000d6000000)
  object space 115200K, 17% used [0x0000000082000000,0x0000000083426278,0x0000000089080000)
 Metaspace       used 51820K, capacity 53012K, committed 53376K, reserved 1095680K
  class space    used 6125K, capacity 6495K, committed 6528K, reserved 1048576K
Event: 11.722 GC heap after
Heap after GC invocations=11 (full 2):
 PSYoungGen      total 129024K, used 12282K [0x00000000d6000000, 0x00000000e0500000, 0x0000000100000000)
  eden space 116736K, 0% used [0x00000000d6000000,0x00000000d6000000,0x00000000dd200000)
  from space 12288K, 99% used [0x00000000dd200000,0x00000000dddfea20,0x00000000dde00000)
  to   space 14336K, 0% used [0x00000000df700000,0x00000000df700000,0x00000000e0500000)
 ParOldGen       total 115200K, used 22716K [0x0000000082000000, 0x0000000089080000, 0x00000000d6000000)
  object space 115200K, 19% used [0x0000000082000000,0x000000008362f318,0x0000000089080000)
 Metaspace       used 51820K, capacity 53012K, committed 53376K, reserved 1095680K
  class space    used 6125K, capacity 6495K, committed 6528K, reserved 1048576K
}
Event: 13.522 GC heap before
{Heap before GC invocations=12 (full 2):
 PSYoungGen      total 129024K, used 119244K [0x00000000d6000000, 0x00000000e0500000, 0x0000000100000000)
  eden space 116736K, 91% used [0x00000000d6000000,0x00000000dc874628,0x00000000dd200000)
  from space 12288K, 99% used [0x00000000dd200000,0x00000000dddfea20,0x00000000dde00000)
  to   space 14336K, 0% used [0x00000000df700000,0x00000000df700000,0x00000000e0500000)
 ParOldGen       total 115200K, used 22716K [0x0000000082000000, 0x0000000089080000, 0x00000000d6000000)
  object space 115200K, 19% used [0x0000000082000000,0x000000008362f318,0x0000000089080000)
 Metaspace       used 57780K, capacity 58930K, committed 59136K, reserved 1101824K
  class space    used 6805K, capacity 7140K, committed 7168K, reserved 1048576K
Event: 13.544 GC heap after
Heap after GC invocations=12 (full 2):
 PSYoungGen      total 152064K, used 14329K [0x00000000d6000000, 0x00000000e0a80000, 0x0000000100000000)
  eden space 137728K, 0% used [0x00000000d6000000,0x00000000d6000000,0x00000000de680000)
  from space 14336K, 99% used [0x00000000df700000,0x00000000e04fe670,0x00000000e0500000)
  to   space 16896K, 0% used [0x00000000de680000,0x00000000de680000,0x00000000df700000)
 ParOldGen       total 115200K, used 26672K [0x0000000082000000, 0x0000000089080000, 0x00000000d6000000)
  object space 115200K, 23% used [0x0000000082000000,0x0000000083a0c200,0x0000000089080000)
 Metaspace       used 57780K, capacity 58930K, committed 59136K, reserved 1101824K
  class space    used 6805K, capacity 7140K, committed 7168K, reserved 1048576K
}
Event: 13.544 GC heap before
{Heap before GC invocations=13 (full 3):
 PSYoungGen      total 152064K, used 14329K [0x00000000d6000000, 0x00000000e0a80000, 0x0000000100000000)
  eden space 137728K, 0% used [0x00000000d6000000,0x00000000d6000000,0x00000000de680000)
  from space 14336K, 99% used [0x00000000df700000,0x00000000e04fe670,0x00000000e0500000)
  to   space 16896K, 0% used [0x00000000de680000,0x00000000de680000,0x00000000df700000)
 ParOldGen       total 115200K, used 26672K [0x0000000082000000, 0x0000000089080000, 0x00000000d6000000)
  object space 115200K, 23% used [0x0000000082000000,0x0000000083a0c200,0x0000000089080000)
 Metaspace       used 57780K, capacity 58930K, committed 59136K, reserved 1101824K
  class space    used 6805K, capacity 7140K, committed 7168K, reserved 1048576K
Event: 13.741 GC heap after
Heap after GC invocations=13 (full 3):
 PSYoungGen      total 152064K, used 0K [0x00000000d6000000, 0x00000000e0a80000, 0x0000000100000000)
  eden space 137728K, 0% used [0x00000000d6000000,0x00000000d6000000,0x00000000de680000)
  from space 14336K, 0% used [0x00000000df700000,0x00000000df700000,0x00000000e0500000)
  to   space 16896K, 0% used [0x00000000de680000,0x00000000de680000,0x00000000df700000)
 ParOldGen       total 166400K, used 35424K [0x0000000082000000, 0x000000008c280000, 0x00000000d6000000)
  object space 166400K, 21% used [0x0000000082000000,0x0000000084298110,0x000000008c280000)
 Metaspace       used 57780K, capacity 58930K, committed 59136K, reserved 1101824K
  class space    used 6805K, capacity 7140K, committed 7168K, reserved 1048576K
}
Event: 15.278 GC heap before
{Heap before GC invocations=14 (full 3):
 PSYoungGen      total 152064K, used 137728K [0x00000000d6000000, 0x00000000e0a80000, 0x0000000100000000)
  eden space 137728K, 100% used [0x00000000d6000000,0x00000000de680000,0x00000000de680000)
  from space 14336K, 0% used [0x00000000df700000,0x00000000df700000,0x00000000e0500000)
  to   space 16896K, 0% used [0x00000000de680000,0x00000000de680000,0x00000000df700000)
 ParOldGen       total 166400K, used 35424K [0x0000000082000000, 0x000000008c280000, 0x00000000d6000000)
  object space 166400K, 21% used [0x0000000082000000,0x0000000084298110,0x000000008c280000)
 Metaspace       used 61763K, capacity 63080K, committed 63488K, reserved 1105920K
  class space    used 7237K, capacity 7581K, committed 7680K, reserved 1048576K
Event: 15.293 GC heap after
Heap after GC invocations=14 (full 3):
 PSYoungGen      total 154624K, used 7395K [0x00000000d6000000, 0x00000000e2000000, 0x0000000100000000)
  eden space 137728K, 0% used [0x00000000d6000000,0x00000000d6000000,0x00000000de680000)
  from space 16896K, 43% used [0x00000000de680000,0x00000000dedb8c80,0x00000000df700000)
  to   space 16896K, 0% used [0x00000000e0f80000,0x00000000e0f80000,0x00000000e2000000)
 ParOldGen       total 166400K, used 35432K [0x0000000082000000, 0x000000008c280000, 0x00000000d6000000)
  object space 166400K, 21% used [0x0000000082000000,0x000000008429a110,0x000000008c280000)
 Metaspace       used 61763K, capacity 63080K, committed 63488K, reserved 1105920K
  class space    used 7237K, capacity 7581K, committed 7680K, reserved 1048576K
}

