# JRE version: Java(TM) SE Runtime Environment (8.0_20-b26) (build 1.8.0_20-b26)
# Java VM: Java HotSpot(TM) 64-Bit Server VM (25.20-b23 mixed mode windows-amd64 compressed oops)
Heap:
 PSYoungGen      total 188928K, used 12861K [0x00000000d6000000, 0x00000000e4a80000, 0x0000000100000000)
  eden space 173056K, 2% used [0x00000000d6000000,0x00000000d645d9e8,0x00000000e0900000)
  from space 15872K, 52% used [0x00000000e0900000,0x00000000e1131c50,0x00000000e1880000)
  to   space 15360K, 0% used [0x00000000e3b80000,0x00000000e3b80000,0x00000000e4a80000)
 ParOldGen       total 156160K, used 33257K [0x0000000082000000, 0x000000008b880000, 0x00000000d6000000)
  object space 156160K, 21% used [0x0000000082000000,0x000000008407a5c8,0x000000008b880000)
 Metaspace       used 70069K, capacity 71438K, committed 71808K, reserved 1112064K
  class space    used 8047K, capacity 8452K, committed 8576K, reserved 1048576K
GC Heap History (10 events):
Event: 22.363 GC heap before
{Heap before GC invocations=20 (full 3):
 PSYoungGen      total 136704K, used 131326K [0x00000000d6000000, 0x00000000dfb00000, 0x0000000100000000)
  eden space 123904K, 100% used [0x00000000d6000000,0x00000000dd900000,0x00000000dd900000)
  from space 12800K, 57% used [0x00000000dee80000,0x00000000df5bfbd8,0x00000000dfb00000)
  to   space 17408K, 0% used [0x00000000dd900000,0x00000000dd900000,0x00000000dea00000)
 ParOldGen       total 156160K, used 33217K [0x0000000082000000, 0x000000008b880000, 0x00000000d6000000)
  object space 156160K, 21% used [0x0000000082000000,0x00000000840705c8,0x000000008b880000)
 Metaspace       used 68283K, capacity 69660K, committed 70016K, reserved 1112064K
  class space    used 7874K, capacity 8241K, committed 8320K, reserved 1048576K
Event: 22.377 GC heap after
Heap after GC invocations=20 (full 3):
 PSYoungGen      total 141312K, used 11897K [0x00000000d6000000, 0x00000000e0e80000, 0x0000000100000000)
  eden space 123904K, 0% used [0x00000000d6000000,0x00000000d6000000,0x00000000dd900000)
  from space 17408K, 68% used [0x00000000dd900000,0x00000000de49e738,0x00000000dea00000)
  to   space 17920K, 0% used [0x00000000dfd00000,0x00000000dfd00000,0x00000000e0e80000)
 ParOldGen       total 156160K, used 33225K [0x0000000082000000, 0x000000008b880000, 0x00000000d6000000)
  object space 156160K, 21% used [0x0000000082000000,0x00000000840725c8,0x000000008b880000)
 Metaspace       used 68283K, capacity 69660K, committed 70016K, reserved 1112064K
  class space    used 7874K, capacity 8241K, committed 8320K, reserved 1048576K
}
Event: 22.757 GC heap before
{Heap before GC invocations=21 (full 3):
 PSYoungGen      total 141312K, used 135738K [0x00000000d6000000, 0x00000000e0e80000, 0x0000000100000000)
  eden space 123904K, 99% used [0x00000000d6000000,0x00000000dd8f0480,0x00000000dd900000)
  from space 17408K, 68% used [0x00000000dd900000,0x00000000de49e738,0x00000000dea00000)
  to   space 17920K, 0% used [0x00000000dfd00000,0x00000000dfd00000,0x00000000e0e80000)
 ParOldGen       total 156160K, used 33225K [0x0000000082000000, 0x000000008b880000, 0x00000000d6000000)
  object space 156160K, 21% used [0x0000000082000000,0x00000000840725c8,0x000000008b880000)
 Metaspace       used 68316K, capacity 69666K, committed 70016K, reserved 1112064K
  class space    used 7874K, capacity 8242K, committed 8320K, reserved 1048576K
Event: 22.771 GC heap after
Heap after GC invocations=21 (full 3):
 PSYoungGen      total 161792K, used 9362K [0x00000000d6000000, 0x00000000e0f80000, 0x0000000100000000)
  eden space 143872K, 0% used [0x00000000d6000000,0x00000000d6000000,0x00000000dec80000)
  from space 17920K, 52% used [0x00000000dfd00000,0x00000000e0624890,0x00000000e0e80000)
  to   space 16896K, 0% used [0x00000000dec80000,0x00000000dec80000,0x00000000dfd00000)
 ParOldGen       total 156160K, used 33233K [0x0000000082000000, 0x000000008b880000, 0x00000000d6000000)
  object space 156160K, 21% used [0x0000000082000000,0x00000000840745c8,0x000000008b880000)
 Metaspace       used 68316K, capacity 69666K, committed 70016K, reserved 1112064K
  class space    used 7874K, capacity 8242K, committed 8320K, reserved 1048576K
}
Event: 23.051 GC heap before
{Heap before GC invocations=22 (full 3):
 PSYoungGen      total 161792K, used 153233K [0x00000000d6000000, 0x00000000e0f80000, 0x0000000100000000)
  eden space 143872K, 99% used [0x00000000d6000000,0x00000000dec7fc20,0x00000000dec80000)
  from space 17920K, 52% used [0x00000000dfd00000,0x00000000e0624890,0x00000000e0e80000)
  to   space 16896K, 0% used [0x00000000dec80000,0x00000000dec80000,0x00000000dfd00000)
 ParOldGen       total 156160K, used 33233K [0x0000000082000000, 0x000000008b880000, 0x00000000d6000000)
  object space 156160K, 21% used [0x0000000082000000,0x00000000840745c8,0x000000008b880000)
 Metaspace       used 68388K, capacity 69744K, committed 70016K, reserved 1112064K
  class space    used 7883K, capacity 8255K, committed 8320K, reserved 1048576K
Event: 23.062 GC heap after
Heap after GC invocations=22 (full 3):
 PSYoungGen      total 160768K, used 9561K [0x00000000d6000000, 0x00000000e2880000, 0x0000000100000000)
  eden space 143872K, 0% used [0x00000000d6000000,0x00000000d6000000,0x00000000dec80000)
  from space 16896K, 56% used [0x00000000dec80000,0x00000000df5d6530,0x00000000dfd00000)
  to   space 16384K, 0% used [0x00000000e1880000,0x00000000e1880000,0x00000000e2880000)
 ParOldGen       total 156160K, used 33241K [0x0000000082000000, 0x000000008b880000, 0x00000000d6000000)
  object space 156160K, 21% used [0x0000000082000000,0x00000000840765c8,0x000000008b880000)
 Metaspace       used 68388K, capacity 69744K, committed 70016K, reserved 1112064K
  class space    used 7883K, capacity 8255K, committed 8320K, reserved 1048576K
}
Event: 23.252 GC heap before
{Heap before GC invocations=23 (full 3):
 PSYoungGen      total 160768K, used 153433K [0x00000000d6000000, 0x00000000e2880000, 0x0000000100000000)
  eden space 143872K, 100% used [0x00000000d6000000,0x00000000dec80000,0x00000000dec80000)
  from space 16896K, 56% used [0x00000000dec80000,0x00000000df5d6530,0x00000000dfd00000)
  to   space 16384K, 0% used [0x00000000e1880000,0x00000000e1880000,0x00000000e2880000)
 ParOldGen       total 156160K, used 33241K [0x0000000082000000, 0x000000008b880000, 0x00000000d6000000)
  object space 156160K, 21% used [0x0000000082000000,0x00000000840765c8,0x000000008b880000)
 Metaspace       used 68391K, capacity 69744K, committed 70016K, reserved 1112064K
  class space    used 7883K, capacity 8255K, committed 8320K, reserved 1048576K
Event: 23.268 GC heap after
Heap after GC invocations=23 (full 3):
 PSYoungGen      total 189440K, used 9527K [0x00000000d6000000, 0x00000000e2d00000, 0x0000000100000000)
  eden space 173056K, 0% used [0x00000000d6000000,0x00000000d6000000,0x00000000e0900000)
  from space 16384K, 58% used [0x00000000e1880000,0x00000000e21cddf0,0x00000000e2880000)
  to   space 15872K, 0% used [0x00000000e0900000,0x00000000e0900000,0x00000000e1880000)
 ParOldGen       total 156160K, used 33249K [0x0000000082000000, 0x000000008b880000, 0x00000000d6000000)
  object space 156160K, 21% used [0x0000000082000000,0x00000000840785c8,0x000000008b880000)
 Metaspace       used 68391K, capacity 69744K, committed 70016K, reserved 1112064K
  class space    used 7883K, capacity 8255K, committed 8320K, reserved 1048576K
}
Event: 261.736 GC heap before
{Heap before GC invocations=24 (full 3):
 PSYoungGen      total 189440K, used 182583K [0x00000000d6000000, 0x00000000e2d00000, 0x0000000100000000)
  eden space 173056K, 100% used [0x00000000d6000000,0x00000000e0900000,0x00000000e0900000)
  from space 16384K, 58% used [0x00000000e1880000,0x00000000e21cddf0,0x00000000e2880000)
  to   space 15872K, 0% used [0x00000000e0900000,0x00000000e0900000,0x00000000e1880000)
 ParOldGen       total 156160K, used 33249K [0x0000000082000000, 0x000000008b880000, 0x00000000d6000000)
  object space 156160K, 21% used [0x0000000082000000,0x00000000840785c8,0x000000008b880000)
 Metaspace       used 70039K, capacity 71426K, committed 71808K, reserved 1112064K
  class space    used 8043K, capacity 8450K, committed 8576K, reserved 1048576K
Event: 261.745 GC heap after
Heap after GC invocations=24 (full 3):
 PSYoungGen      total 188928K, used 8391K [0x00000000d6000000, 0x00000000e4a80000, 0x0000000100000000)
  eden space 173056K, 0% used [0x00000000d6000000,0x00000000d6000000,0x00000000e0900000)
  from space 15872K, 52% used [0x00000000e0900000,0x00000000e1131c50,0x00000000e1880000)
  to   space 15360K, 0% used [0x00000000e3b80000,0x00000000e3b80000,0x00000000e4a80000)
 ParOldGen       total 156160K, used 33257K [0x0000000082000000, 0x000000008b880000, 0x00000000d6000000)
  object space 156160K, 21% used [0x0000000082000000,0x000000008407a5c8,0x000000008b880000)
 Metaspace       used 70039K, capacity 71426K, committed 71808K, reserved 1112064K
  class space    used 8043K, capacity 8450K, committed 8576K, reserved 1048576K
}

