# JRE version: Java(TM) SE Runtime Environment (8.0_20-b26) (build 1.8.0_20-b26)
# Java VM: Java HotSpot(TM) 64-Bit Server VM (25.20-b23 mixed mode windows-amd64 compressed oops)
Heap:
 PSYoungGen      total 167936K, used 62696K [0x00000000d6000000, 0x00000000e1a80000, 0x0000000100000000)
  eden space 156160K, 32% used [0x00000000d6000000,0x00000000d9237618,0x00000000df880000)
  from space 11776K, 95% used [0x00000000dfd00000,0x00000000e0802b70,0x00000000e0880000)
  to   space 17408K, 0% used [0x00000000e0980000,0x00000000e0980000,0x00000000e1a80000)
 ParOldGen       total 151040K, used 32943K [0x0000000082000000, 0x000000008b380000, 0x00000000d6000000)
  object space 151040K, 21% used [0x0000000082000000,0x000000008402bdc0,0x000000008b380000)
 Metaspace       used 71904K, capacity 73502K, committed 73600K, reserved 1114112K
  class space    used 8136K, capacity 8546K, committed 8576K, reserved 1048576K
GC Heap History (10 events):
Event: 16.168 GC heap before
{Heap before GC invocations=18 (full 3):
 PSYoungGen      total 126976K, used 109568K [0x00000000d6000000, 0x00000000dfe00000, 0x0000000100000000)
  eden space 109568K, 100% used [0x00000000d6000000,0x00000000dcb00000,0x00000000dcb00000)
  from space 17408K, 0% used [0x00000000ddd80000,0x00000000ddd80000,0x00000000dee80000)
  to   space 18944K, 0% used [0x00000000dcb00000,0x00000000dcb00000,0x00000000ddd80000)
 ParOldGen       total 151040K, used 32903K [0x0000000082000000, 0x000000008b380000, 0x00000000d6000000)
  object space 151040K, 21% used [0x0000000082000000,0x0000000084021dc0,0x000000008b380000)
 Metaspace       used 61123K, capacity 62414K, committed 62848K, reserved 1103872K
  class space    used 7128K, capacity 7486K, committed 7552K, reserved 1048576K
Event: 16.177 GC heap after
Heap after GC invocations=18 (full 3):
 PSYoungGen      total 128512K, used 5947K [0x00000000d6000000, 0x00000000e1200000, 0x0000000100000000)
  eden space 109568K, 0% used [0x00000000d6000000,0x00000000d6000000,0x00000000dcb00000)
  from space 18944K, 31% used [0x00000000dcb00000,0x00000000dd0cee88,0x00000000ddd80000)
  to   space 18432K, 0% used [0x00000000e0000000,0x00000000e0000000,0x00000000e1200000)
 ParOldGen       total 151040K, used 32911K [0x0000000082000000, 0x000000008b380000, 0x00000000d6000000)
  object space 151040K, 21% used [0x0000000082000000,0x0000000084023dc0,0x000000008b380000)
 Metaspace       used 61123K, capacity 62414K, committed 62848K, reserved 1103872K
  class space    used 7128K, capacity 7486K, committed 7552K, reserved 1048576K
}
Event: 28.195 GC heap before
{Heap before GC invocations=19 (full 3):
 PSYoungGen      total 128512K, used 115515K [0x00000000d6000000, 0x00000000e1200000, 0x0000000100000000)
  eden space 109568K, 100% used [0x00000000d6000000,0x00000000dcb00000,0x00000000dcb00000)
  from space 18944K, 31% used [0x00000000dcb00000,0x00000000dd0cee88,0x00000000ddd80000)
  to   space 18432K, 0% used [0x00000000e0000000,0x00000000e0000000,0x00000000e1200000)
 ParOldGen       total 151040K, used 32911K [0x0000000082000000, 0x000000008b380000, 0x00000000d6000000)
  object space 151040K, 21% used [0x0000000082000000,0x0000000084023dc0,0x000000008b380000)
 Metaspace       used 64745K, capacity 66088K, committed 66304K, reserved 1107968K
  class space    used 7549K, capacity 7913K, committed 7936K, reserved 1048576K
Event: 28.210 GC heap after
Heap after GC invocations=19 (full 3):
 PSYoungGen      total 154624K, used 8517K [0x00000000d6000000, 0x00000000e0d00000, 0x0000000100000000)
  eden space 141312K, 0% used [0x00000000d6000000,0x00000000d6000000,0x00000000dea00000)
  from space 13312K, 63% used [0x00000000e0000000,0x00000000e08514d8,0x00000000e0d00000)
  to   space 17920K, 0% used [0x00000000dea00000,0x00000000dea00000,0x00000000dfb80000)
 ParOldGen       total 151040K, used 32919K [0x0000000082000000, 0x000000008b380000, 0x00000000d6000000)
  object space 151040K, 21% used [0x0000000082000000,0x0000000084025dc0,0x000000008b380000)
 Metaspace       used 64745K, capacity 66088K, committed 66304K, reserved 1107968K
  class space    used 7549K, capacity 7913K, committed 7936K, reserved 1048576K
}
Event: 345.749 GC heap before
{Heap before GC invocations=20 (full 3):
 PSYoungGen      total 154624K, used 149829K [0x00000000d6000000, 0x00000000e0d00000, 0x0000000100000000)
  eden space 141312K, 100% used [0x00000000d6000000,0x00000000dea00000,0x00000000dea00000)
  from space 13312K, 63% used [0x00000000e0000000,0x00000000e08514d8,0x00000000e0d00000)
  to   space 17920K, 0% used [0x00000000dea00000,0x00000000dea00000,0x00000000dfb80000)
 ParOldGen       total 151040K, used 32919K [0x0000000082000000, 0x000000008b380000, 0x00000000d6000000)
  object space 151040K, 21% used [0x0000000082000000,0x0000000084025dc0,0x000000008b380000)
 Metaspace       used 69333K, capacity 70672K, committed 71168K, reserved 1112064K
  class space    used 7951K, capacity 8341K, committed 8448K, reserved 1048576K
Event: 345.774 GC heap after
Heap after GC invocations=20 (full 3):
 PSYoungGen      total 159232K, used 11605K [0x00000000d6000000, 0x00000000e2380000, 0x0000000100000000)
  eden space 141312K, 0% used [0x00000000d6000000,0x00000000d6000000,0x00000000dea00000)
  from space 17920K, 64% used [0x00000000dea00000,0x00000000df555730,0x00000000dfb80000)
  to   space 17920K, 0% used [0x00000000e1200000,0x00000000e1200000,0x00000000e2380000)
 ParOldGen       total 151040K, used 32927K [0x0000000082000000, 0x000000008b380000, 0x00000000d6000000)
  object space 151040K, 21% used [0x0000000082000000,0x0000000084027dc0,0x000000008b380000)
 Metaspace       used 69333K, capacity 70672K, committed 71168K, reserved 1112064K
  class space    used 7951K, capacity 8341K, committed 8448K, reserved 1048576K
}
Event: 601.774 GC heap before
{Heap before GC invocations=21 (full 3):
 PSYoungGen      total 159232K, used 152917K [0x00000000d6000000, 0x00000000e2380000, 0x0000000100000000)
  eden space 141312K, 100% used [0x00000000d6000000,0x00000000dea00000,0x00000000dea00000)
  from space 17920K, 64% used [0x00000000dea00000,0x00000000df555730,0x00000000dfb80000)
  to   space 17920K, 0% used [0x00000000e1200000,0x00000000e1200000,0x00000000e2380000)
 ParOldGen       total 151040K, used 32927K [0x0000000082000000, 0x000000008b380000, 0x00000000d6000000)
  object space 151040K, 21% used [0x0000000082000000,0x0000000084027dc0,0x000000008b380000)
 Metaspace       used 70675K, capacity 72140K, committed 72576K, reserved 1114112K
  class space    used 8073K, capacity 8463K, committed 8576K, reserved 1048576K
Event: 601.785 GC heap after
Heap after GC invocations=21 (full 3):
 PSYoungGen      total 174080K, used 10429K [0x00000000d6000000, 0x00000000e1f00000, 0x0000000100000000)
  eden space 160768K, 0% used [0x00000000d6000000,0x00000000d6000000,0x00000000dfd00000)
  from space 13312K, 78% used [0x00000000e1200000,0x00000000e1c2f790,0x00000000e1f00000)
  to   space 17408K, 0% used [0x00000000dfd00000,0x00000000dfd00000,0x00000000e0e00000)
 ParOldGen       total 151040K, used 32935K [0x0000000082000000, 0x000000008b380000, 0x00000000d6000000)
  object space 151040K, 21% used [0x0000000082000000,0x0000000084029dc0,0x000000008b380000)
 Metaspace       used 70675K, capacity 72140K, committed 72576K, reserved 1114112K
  class space    used 8073K, capacity 8463K, committed 8576K, reserved 1048576K
}
Event: 894.766 GC heap before
{Heap before GC invocations=22 (full 3):
 PSYoungGen      total 174080K, used 171197K [0x00000000d6000000, 0x00000000e1f00000, 0x0000000100000000)
  eden space 160768K, 100% used [0x00000000d6000000,0x00000000dfd00000,0x00000000dfd00000)
  from space 13312K, 78% used [0x00000000e1200000,0x00000000e1c2f790,0x00000000e1f00000)
  to   space 17408K, 0% used [0x00000000dfd00000,0x00000000dfd00000,0x00000000e0e00000)
 ParOldGen       total 151040K, used 32935K [0x0000000082000000, 0x000000008b380000, 0x00000000d6000000)
  object space 151040K, 21% used [0x0000000082000000,0x0000000084029dc0,0x000000008b380000)
 Metaspace       used 71793K, capacity 73332K, committed 73600K, reserved 1114112K
  class space    used 8132K, capacity 8539K, committed 8576K, reserved 1048576K
Event: 894.777 GC heap after
Heap after GC invocations=22 (full 3):
 PSYoungGen      total 167936K, used 11274K [0x00000000d6000000, 0x00000000e1a80000, 0x0000000100000000)
  eden space 156160K, 0% used [0x00000000d6000000,0x00000000d6000000,0x00000000df880000)
  from space 11776K, 95% used [0x00000000dfd00000,0x00000000e0802b70,0x00000000e0880000)
  to   space 17408K, 0% used [0x00000000e0980000,0x00000000e0980000,0x00000000e1a80000)
 ParOldGen       total 151040K, used 32943K [0x0000000082000000, 0x000000008b380000, 0x00000000d6000000)
  object space 151040K, 21% used [0x0000000082000000,0x000000008402bdc0,0x000000008b380000)
 Metaspace       used 71793K, capacity 73332K, committed 73600K, reserved 1114112K
  class space    used 8132K, capacity 8539K, committed 8576K, reserved 1048576K
}

