# JRE version: Java(TM) SE Runtime Environment (8.0_20-b26) (build 1.8.0_20-b26)
# Java VM: Java HotSpot(TM) 64-Bit Server VM (25.20-b23 mixed mode windows-amd64 compressed oops)
Heap:
 PSYoungGen      total 158208K, used 132418K [0x00000000d6000000, 0x00000000e2200000, 0x0000000100000000)
  eden space 141824K, 88% used [0x00000000d6000000,0x00000000dd9ec530,0x00000000dea80000)
  from space 16384K, 46% used [0x00000000dea80000,0x00000000df1e4398,0x00000000dfa80000)
  to   space 16384K, 0% used [0x00000000e1200000,0x00000000e1200000,0x00000000e2200000)
 ParOldGen       total 169472K, used 35507K [0x0000000082000000, 0x000000008c580000, 0x00000000d6000000)
  object space 169472K, 20% used [0x0000000082000000,0x00000000842acef8,0x000000008c580000)
 Metaspace       used 64375K, capacity 65688K, committed 66048K, reserved 1107968K
  class space    used 7486K, capacity 7857K, committed 7936K, reserved 1048576K
GC Heap History (10 events):
Event: 8.506 GC heap before
{Heap before GC invocations=10 (full 2):
 PSYoungGen      total 98304K, used 95574K [0x00000000d6000000, 0x00000000deb00000, 0x0000000100000000)
  eden space 87040K, 100% used [0x00000000d6000000,0x00000000db500000,0x00000000db500000)
  from space 11264K, 75% used [0x00000000db500000,0x00000000dbd55a58,0x00000000dc000000)
  to   space 11264K, 0% used [0x00000000de000000,0x00000000de000000,0x00000000deb00000)
 ParOldGen       total 116736K, used 20626K [0x0000000082000000, 0x0000000089200000, 0x00000000d6000000)
  object space 116736K, 17% used [0x0000000082000000,0x0000000083424a58,0x0000000089200000)
 Metaspace       used 45945K, capacity 47154K, committed 47360K, reserved 1091584K
  class space    used 5520K, capacity 5876K, committed 5888K, reserved 1048576K
Event: 8.517 GC heap after
Heap after GC invocations=10 (full 2):
 PSYoungGen      total 129024K, used 9935K [0x00000000d6000000, 0x00000000dea80000, 0x0000000100000000)
  eden space 118272K, 0% used [0x00000000d6000000,0x00000000d6000000,0x00000000dd380000)
  from space 10752K, 92% used [0x00000000de000000,0x00000000de9b3ef8,0x00000000dea80000)
  to   space 11776K, 0% used [0x00000000dd380000,0x00000000dd380000,0x00000000ddf00000)
 ParOldGen       total 116736K, used 20634K [0x0000000082000000, 0x0000000089200000, 0x00000000d6000000)
  object space 116736K, 17% used [0x0000000082000000,0x0000000083426a58,0x0000000089200000)
 Metaspace       used 45945K, capacity 47154K, committed 47360K, reserved 1091584K
  class space    used 5520K, capacity 5876K, committed 5888K, reserved 1048576K
}
Event: 10.085 GC heap before
{Heap before GC invocations=11 (full 2):
 PSYoungGen      total 129024K, used 128207K [0x00000000d6000000, 0x00000000dea80000, 0x0000000100000000)
  eden space 118272K, 100% used [0x00000000d6000000,0x00000000dd380000,0x00000000dd380000)
  from space 10752K, 92% used [0x00000000de000000,0x00000000de9b3ef8,0x00000000dea80000)
  to   space 11776K, 0% used [0x00000000dd380000,0x00000000dd380000,0x00000000ddf00000)
 ParOldGen       total 116736K, used 20634K [0x0000000082000000, 0x0000000089200000, 0x00000000d6000000)
  object space 116736K, 17% used [0x0000000082000000,0x0000000083426a58,0x0000000089200000)
 Metaspace       used 51006K, capacity 52206K, committed 52480K, reserved 1095680K
  class space    used 6053K, capacity 6398K, committed 6400K, reserved 1048576K
Event: 10.110 GC heap after
Heap after GC invocations=11 (full 2):
 PSYoungGen      total 130048K, used 11747K [0x00000000d6000000, 0x00000000e0780000, 0x0000000100000000)
  eden space 118272K, 0% used [0x00000000d6000000,0x00000000d6000000,0x00000000dd380000)
  from space 11776K, 99% used [0x00000000dd380000,0x00000000ddef8e20,0x00000000ddf00000)
  to   space 13312K, 0% used [0x00000000dfa80000,0x00000000dfa80000,0x00000000e0780000)
 ParOldGen       total 116736K, used 21841K [0x0000000082000000, 0x0000000089200000, 0x00000000d6000000)
  object space 116736K, 18% used [0x0000000082000000,0x00000000835546c8,0x0000000089200000)
 Metaspace       used 51006K, capacity 52206K, committed 52480K, reserved 1095680K
  class space    used 6053K, capacity 6398K, committed 6400K, reserved 1048576K
}
Event: 12.023 GC heap before
{Heap before GC invocations=12 (full 2):
 PSYoungGen      total 130048K, used 123579K [0x00000000d6000000, 0x00000000e0780000, 0x0000000100000000)
  eden space 118272K, 94% used [0x00000000d6000000,0x00000000dcd35e98,0x00000000dd380000)
  from space 11776K, 99% used [0x00000000dd380000,0x00000000ddef8e20,0x00000000ddf00000)
  to   space 13312K, 0% used [0x00000000dfa80000,0x00000000dfa80000,0x00000000e0780000)
 ParOldGen       total 116736K, used 21841K [0x0000000082000000, 0x0000000089200000, 0x00000000d6000000)
  object space 116736K, 18% used [0x0000000082000000,0x00000000835546c8,0x0000000089200000)
 Metaspace       used 57654K, capacity 58866K, committed 59136K, reserved 1101824K
  class space    used 6778K, capacity 7140K, committed 7168K, reserved 1048576K
Event: 12.045 GC heap after
Heap after GC invocations=12 (full 2):
 PSYoungGen      total 155136K, used 13289K [0x00000000d6000000, 0x00000000e0d00000, 0x0000000100000000)
  eden space 141824K, 0% used [0x00000000d6000000,0x00000000d6000000,0x00000000dea80000)
  from space 13312K, 99% used [0x00000000dfa80000,0x00000000e077a700,0x00000000e0780000)
  to   space 16384K, 0% used [0x00000000dea80000,0x00000000dea80000,0x00000000dfa80000)
 ParOldGen       total 116736K, used 27104K [0x0000000082000000, 0x0000000089200000, 0x00000000d6000000)
  object space 116736K, 23% used [0x0000000082000000,0x0000000083a78100,0x0000000089200000)
 Metaspace       used 57654K, capacity 58866K, committed 59136K, reserved 1101824K
  class space    used 6778K, capacity 7140K, committed 7168K, reserved 1048576K
}
Event: 12.045 GC heap before
{Heap before GC invocations=13 (full 3):
 PSYoungGen      total 155136K, used 13289K [0x00000000d6000000, 0x00000000e0d00000, 0x0000000100000000)
  eden space 141824K, 0% used [0x00000000d6000000,0x00000000d6000000,0x00000000dea80000)
  from space 13312K, 99% used [0x00000000dfa80000,0x00000000e077a700,0x00000000e0780000)
  to   space 16384K, 0% used [0x00000000dea80000,0x00000000dea80000,0x00000000dfa80000)
 ParOldGen       total 116736K, used 27104K [0x0000000082000000, 0x0000000089200000, 0x00000000d6000000)
  object space 116736K, 23% used [0x0000000082000000,0x0000000083a78100,0x0000000089200000)
 Metaspace       used 57654K, capacity 58866K, committed 59136K, reserved 1101824K
  class space    used 6778K, capacity 7140K, committed 7168K, reserved 1048576K
Event: 12.328 GC heap after
Heap after GC invocations=13 (full 3):
 PSYoungGen      total 155136K, used 0K [0x00000000d6000000, 0x00000000e0d00000, 0x0000000100000000)
  eden space 141824K, 0% used [0x00000000d6000000,0x00000000d6000000,0x00000000dea80000)
  from space 13312K, 0% used [0x00000000dfa80000,0x00000000dfa80000,0x00000000e0780000)
  to   space 16384K, 0% used [0x00000000dea80000,0x00000000dea80000,0x00000000dfa80000)
 ParOldGen       total 169472K, used 35499K [0x0000000082000000, 0x000000008c580000, 0x00000000d6000000)
  object space 169472K, 20% used [0x0000000082000000,0x00000000842aaef8,0x000000008c580000)
 Metaspace       used 57654K, capacity 58866K, committed 59136K, reserved 1101824K
  class space    used 6778K, capacity 7140K, committed 7168K, reserved 1048576K
}
Event: 13.963 GC heap before
{Heap before GC invocations=14 (full 3):
 PSYoungGen      total 155136K, used 141824K [0x00000000d6000000, 0x00000000e0d00000, 0x0000000100000000)
  eden space 141824K, 100% used [0x00000000d6000000,0x00000000dea80000,0x00000000dea80000)
  from space 13312K, 0% used [0x00000000dfa80000,0x00000000dfa80000,0x00000000e0780000)
  to   space 16384K, 0% used [0x00000000dea80000,0x00000000dea80000,0x00000000dfa80000)
 ParOldGen       total 169472K, used 35499K [0x0000000082000000, 0x000000008c580000, 0x00000000d6000000)
  object space 169472K, 20% used [0x0000000082000000,0x00000000842aaef8,0x000000008c580000)
 Metaspace       used 61803K, capacity 63144K, committed 63488K, reserved 1105920K
  class space    used 7231K, capacity 7581K, committed 7680K, reserved 1048576K
Event: 13.979 GC heap after
Heap after GC invocations=14 (full 3):
 PSYoungGen      total 158208K, used 7568K [0x00000000d6000000, 0x00000000e2200000, 0x0000000100000000)
  eden space 141824K, 0% used [0x00000000d6000000,0x00000000d6000000,0x00000000dea80000)
  from space 16384K, 46% used [0x00000000dea80000,0x00000000df1e4398,0x00000000dfa80000)
  to   space 16384K, 0% used [0x00000000e1200000,0x00000000e1200000,0x00000000e2200000)
 ParOldGen       total 169472K, used 35507K [0x0000000082000000, 0x000000008c580000, 0x00000000d6000000)
  object space 169472K, 20% used [0x0000000082000000,0x00000000842acef8,0x000000008c580000)
 Metaspace       used 61803K, capacity 63144K, committed 63488K, reserved 1105920K
  class space    used 7231K, capacity 7581K, committed 7680K, reserved 1048576K
}

