# JRE version: Java(TM) SE Runtime Environment (8.0_20-b26) (build 1.8.0_20-b26)
# Java VM: Java HotSpot(TM) 64-Bit Server VM (25.20-b23 mixed mode windows-amd64 compressed oops)
Heap:
 PSYoungGen      total 158720K, used 30971K [0x00000000d6000000, 0x00000000e0d80000, 0x0000000100000000)
  eden space 147968K, 14% used [0x00000000d6000000,0x00000000d759e110,0x00000000df080000)
  from space 10752K, 82% used [0x00000000e0300000,0x00000000e0ba0df8,0x00000000e0d80000)
  to   space 14848K, 0% used [0x00000000df080000,0x00000000df080000,0x00000000dff00000)
 ParOldGen       total 177664K, used 33891K [0x0000000082000000, 0x000000008cd80000, 0x00000000d6000000)
  object space 177664K, 19% used [0x0000000082000000,0x0000000084118d28,0x000000008cd80000)
 Metaspace       used 70740K, capacity 72128K, committed 72408K, reserved 1114112K
  class space    used 8049K, capacity 8423K, committed 8448K, reserved 1048576K
GC Heap History (10 events):
Event: 43.013 GC heap before
{Heap before GC invocations=15 (full 3):
 PSYoungGen      total 140288K, used 130025K [0x00000000d6000000, 0x00000000e0f80000, 0x0000000100000000)
  eden space 123392K, 100% used [0x00000000d6000000,0x00000000dd880000,0x00000000dd880000)
  from space 16896K, 39% used [0x00000000dd880000,0x00000000ddefa4d0,0x00000000de900000)
  to   space 16896K, 0% used [0x00000000dff00000,0x00000000dff00000,0x00000000e0f80000)
 ParOldGen       total 177664K, used 33851K [0x0000000082000000, 0x000000008cd80000, 0x00000000d6000000)
  object space 177664K, 19% used [0x0000000082000000,0x000000008410ed28,0x000000008cd80000)
 Metaspace       used 64981K, capacity 66344K, committed 66648K, reserved 1107968K
  class space    used 7603K, capacity 7977K, committed 8064K, reserved 1048576K
Event: 43.026 GC heap after
Heap after GC invocations=15 (full 3):
 PSYoungGen      total 153600K, used 9801K [0x00000000d6000000, 0x00000000e0a80000, 0x0000000100000000)
  eden space 141824K, 0% used [0x00000000d6000000,0x00000000d6000000,0x00000000dea80000)
  from space 11776K, 83% used [0x00000000dff00000,0x00000000e08924d8,0x00000000e0a80000)
  to   space 16384K, 0% used [0x00000000dea80000,0x00000000dea80000,0x00000000dfa80000)
 ParOldGen       total 177664K, used 33859K [0x0000000082000000, 0x000000008cd80000, 0x00000000d6000000)
  object space 177664K, 19% used [0x0000000082000000,0x0000000084110d28,0x000000008cd80000)
 Metaspace       used 64981K, capacity 66344K, committed 66648K, reserved 1107968K
  class space    used 7603K, capacity 7977K, committed 8064K, reserved 1048576K
}
Event: 129.897 GC heap before
{Heap before GC invocations=16 (full 3):
 PSYoungGen      total 153600K, used 151625K [0x00000000d6000000, 0x00000000e0a80000, 0x0000000100000000)
  eden space 141824K, 100% used [0x00000000d6000000,0x00000000dea80000,0x00000000dea80000)
  from space 11776K, 83% used [0x00000000dff00000,0x00000000e08924d8,0x00000000e0a80000)
  to   space 16384K, 0% used [0x00000000dea80000,0x00000000dea80000,0x00000000dfa80000)
 ParOldGen       total 177664K, used 33859K [0x0000000082000000, 0x000000008cd80000, 0x00000000d6000000)
  object space 177664K, 19% used [0x0000000082000000,0x0000000084110d28,0x000000008cd80000)
 Metaspace       used 68693K, capacity 70090K, committed 70488K, reserved 1112064K
  class space    used 7860K, capacity 8222K, committed 8320K, reserved 1048576K
Event: 129.909 GC heap after
Heap after GC invocations=16 (full 3):
 PSYoungGen      total 158208K, used 11148K [0x00000000d6000000, 0x00000000e1b80000, 0x0000000100000000)
  eden space 141824K, 0% used [0x00000000d6000000,0x00000000d6000000,0x00000000dea80000)
  from space 16384K, 68% used [0x00000000dea80000,0x00000000df563028,0x00000000dfa80000)
  to   space 16384K, 0% used [0x00000000e0b80000,0x00000000e0b80000,0x00000000e1b80000)
 ParOldGen       total 177664K, used 33867K [0x0000000082000000, 0x000000008cd80000, 0x00000000d6000000)
  object space 177664K, 19% used [0x0000000082000000,0x0000000084112d28,0x000000008cd80000)
 Metaspace       used 68693K, capacity 70090K, committed 70488K, reserved 1112064K
  class space    used 7860K, capacity 8222K, committed 8320K, reserved 1048576K
}
Event: 208.589 GC heap before
{Heap before GC invocations=17 (full 3):
 PSYoungGen      total 158208K, used 152972K [0x00000000d6000000, 0x00000000e1b80000, 0x0000000100000000)
  eden space 141824K, 100% used [0x00000000d6000000,0x00000000dea80000,0x00000000dea80000)
  from space 16384K, 68% used [0x00000000dea80000,0x00000000df563028,0x00000000dfa80000)
  to   space 16384K, 0% used [0x00000000e0b80000,0x00000000e0b80000,0x00000000e1b80000)
 ParOldGen       total 177664K, used 33867K [0x0000000082000000, 0x000000008cd80000, 0x00000000d6000000)
  object space 177664K, 19% used [0x0000000082000000,0x0000000084112d28,0x000000008cd80000)
 Metaspace       used 68793K, capacity 70154K, committed 70488K, reserved 1112064K
  class space    used 7860K, capacity 8222K, committed 8320K, reserved 1048576K
Event: 208.600 GC heap after
Heap after GC invocations=17 (full 3):
 PSYoungGen      total 167424K, used 9446K [0x00000000d6000000, 0x00000000e1700000, 0x0000000100000000)
  eden space 155648K, 0% used [0x00000000d6000000,0x00000000d6000000,0x00000000df800000)
  from space 11776K, 80% used [0x00000000e0b80000,0x00000000e14b9a38,0x00000000e1700000)
  to   space 15872K, 0% used [0x00000000df800000,0x00000000df800000,0x00000000e0780000)
 ParOldGen       total 177664K, used 33875K [0x0000000082000000, 0x000000008cd80000, 0x00000000d6000000)
  object space 177664K, 19% used [0x0000000082000000,0x0000000084114d28,0x000000008cd80000)
 Metaspace       used 68793K, capacity 70154K, committed 70488K, reserved 1112064K
  class space    used 7860K, capacity 8222K, committed 8320K, reserved 1048576K
}
Event: 279.606 GC heap before
{Heap before GC invocations=18 (full 3):
 PSYoungGen      total 167424K, used 165094K [0x00000000d6000000, 0x00000000e1700000, 0x0000000100000000)
  eden space 155648K, 100% used [0x00000000d6000000,0x00000000df800000,0x00000000df800000)
  from space 11776K, 80% used [0x00000000e0b80000,0x00000000e14b9a38,0x00000000e1700000)
  to   space 15872K, 0% used [0x00000000df800000,0x00000000df800000,0x00000000e0780000)
 ParOldGen       total 177664K, used 33875K [0x0000000082000000, 0x000000008cd80000, 0x00000000d6000000)
  object space 177664K, 19% used [0x0000000082000000,0x0000000084114d28,0x000000008cd80000)
 Metaspace       used 68813K, capacity 70218K, committed 70488K, reserved 1112064K
  class space    used 7860K, capacity 8222K, committed 8320K, reserved 1048576K
Event: 279.622 GC heap after
Heap after GC invocations=18 (full 3):
 PSYoungGen      total 161280K, used 9444K [0x00000000d6000000, 0x00000000e1200000, 0x0000000100000000)
  eden space 151552K, 0% used [0x00000000d6000000,0x00000000d6000000,0x00000000df400000)
  from space 9728K, 97% used [0x00000000df800000,0x00000000e01392e8,0x00000000e0180000)
  to   space 15360K, 0% used [0x00000000e0300000,0x00000000e0300000,0x00000000e1200000)
 ParOldGen       total 177664K, used 33883K [0x0000000082000000, 0x000000008cd80000, 0x00000000d6000000)
  object space 177664K, 19% used [0x0000000082000000,0x0000000084116d28,0x000000008cd80000)
 Metaspace       used 68813K, capacity 70218K, committed 70488K, reserved 1112064K
  class space    used 7860K, capacity 8222K, committed 8320K, reserved 1048576K
}
Event: 93235.454 GC heap before
{Heap before GC invocations=19 (full 3):
 PSYoungGen      total 161280K, used 160996K [0x00000000d6000000, 0x00000000e1200000, 0x0000000100000000)
  eden space 151552K, 100% used [0x00000000d6000000,0x00000000df400000,0x00000000df400000)
  from space 9728K, 97% used [0x00000000df800000,0x00000000e01392e8,0x00000000e0180000)
  to   space 15360K, 0% used [0x00000000e0300000,0x00000000e0300000,0x00000000e1200000)
 ParOldGen       total 177664K, used 33883K [0x0000000082000000, 0x000000008cd80000, 0x00000000d6000000)
  object space 177664K, 19% used [0x0000000082000000,0x0000000084116d28,0x000000008cd80000)
 Metaspace       used 69914K, capacity 71306K, committed 71640K, reserved 1112064K
  class space    used 7968K, capacity 8350K, committed 8448K, reserved 1048576K
Event: 93235.573 GC heap after
Heap after GC invocations=19 (full 3):
 PSYoungGen      total 158720K, used 8835K [0x00000000d6000000, 0x00000000e0d80000, 0x0000000100000000)
  eden space 147968K, 0% used [0x00000000d6000000,0x00000000d6000000,0x00000000df080000)
  from space 10752K, 82% used [0x00000000e0300000,0x00000000e0ba0df8,0x00000000e0d80000)
  to   space 14848K, 0% used [0x00000000df080000,0x00000000df080000,0x00000000dff00000)
 ParOldGen       total 177664K, used 33891K [0x0000000082000000, 0x000000008cd80000, 0x00000000d6000000)
  object space 177664K, 19% used [0x0000000082000000,0x0000000084118d28,0x000000008cd80000)
 Metaspace       used 69914K, capacity 71306K, committed 71640K, reserved 1112064K
  class space    used 7968K, capacity 8350K, committed 8448K, reserved 1048576K
}

