# JRE version: Java(TM) SE Runtime Environment (8.0_20-b26) (build 1.8.0_20-b26)
# Java VM: Java HotSpot(TM) 64-Bit Server VM (25.20-b23 mixed mode windows-amd64 compressed oops)
Heap:
 PSYoungGen      total 199168K, used 10992K [0x00000000d6000000, 0x00000000e3800000, 0x0000000100000000)
  eden space 189952K, 0% used [0x00000000d6000000,0x00000000d61c3810,0x00000000e1980000)
  from space 9216K, 99% used [0x00000000e2f00000,0x00000000e37f8a10,0x00000000e3800000)
  to   space 15360K, 0% used [0x00000000e1a00000,0x00000000e1a00000,0x00000000e2900000)
 ParOldGen       total 126976K, used 33319K [0x0000000082000000, 0x0000000089c00000, 0x00000000d6000000)
  object space 126976K, 26% used [0x0000000082000000,0x0000000084089e38,0x0000000089c00000)
 Metaspace       used 64724K, capacity 66154K, committed 66500K, reserved 1107968K
  class space    used 7520K, capacity 7924K, committed 7936K, reserved 1048576K
GC Heap History (10 events):
Event: 8.623 GC heap before
{Heap before GC invocations=14 (full 2):
 PSYoungGen      total 94720K, used 93656K [0x00000000d6000000, 0x00000000de600000, 0x0000000100000000)
  eden space 83456K, 100% used [0x00000000d6000000,0x00000000db180000,0x00000000db180000)
  from space 11264K, 90% used [0x00000000db180000,0x00000000dbb76058,0x00000000dbc80000)
  to   space 11776K, 0% used [0x00000000dda80000,0x00000000dda80000,0x00000000de600000)
 ParOldGen       total 94720K, used 18783K [0x0000000082000000, 0x0000000087c80000, 0x00000000d6000000)
  object space 94720K, 19% used [0x0000000082000000,0x0000000083257e70,0x0000000087c80000)
 Metaspace       used 50569K, capacity 51804K, committed 51968K, reserved 1095680K
  class space    used 6016K, capacity 6395K, committed 6400K, reserved 1048576K
Event: 8.639 GC heap after
Heap after GC invocations=14 (full 2):
 PSYoungGen      total 123904K, used 11755K [0x00000000d6000000, 0x00000000de780000, 0x0000000100000000)
  eden space 112128K, 0% used [0x00000000d6000000,0x00000000d6000000,0x00000000dcd80000)
  from space 11776K, 99% used [0x00000000dda80000,0x00000000de5fadf0,0x00000000de600000)
  to   space 13312K, 0% used [0x00000000dcd80000,0x00000000dcd80000,0x00000000dda80000)
 ParOldGen       total 94720K, used 18949K [0x0000000082000000, 0x0000000087c80000, 0x00000000d6000000)
  object space 94720K, 20% used [0x0000000082000000,0x0000000083281668,0x0000000087c80000)
 Metaspace       used 50569K, capacity 51804K, committed 51968K, reserved 1095680K
  class space    used 6016K, capacity 6395K, committed 6400K, reserved 1048576K
}
Event: 10.415 GC heap before
{Heap before GC invocations=15 (full 2):
 PSYoungGen      total 123904K, used 123883K [0x00000000d6000000, 0x00000000de780000, 0x0000000100000000)
  eden space 112128K, 100% used [0x00000000d6000000,0x00000000dcd80000,0x00000000dcd80000)
  from space 11776K, 99% used [0x00000000dda80000,0x00000000de5fadf0,0x00000000de600000)
  to   space 13312K, 0% used [0x00000000dcd80000,0x00000000dcd80000,0x00000000dda80000)
 ParOldGen       total 94720K, used 18949K [0x0000000082000000, 0x0000000087c80000, 0x00000000d6000000)
  object space 94720K, 20% used [0x0000000082000000,0x0000000083281668,0x0000000087c80000)
 Metaspace       used 56171K, capacity 57388K, committed 57728K, reserved 1099776K
  class space    used 6586K, capacity 6947K, committed 7040K, reserved 1048576K
Event: 10.437 GC heap after
Heap after GC invocations=15 (full 2):
 PSYoungGen      total 125440K, used 13299K [0x00000000d6000000, 0x00000000e1180000, 0x0000000100000000)
  eden space 112128K, 0% used [0x00000000d6000000,0x00000000d6000000,0x00000000dcd80000)
  from space 13312K, 99% used [0x00000000dcd80000,0x00000000dda7cf90,0x00000000dda80000)
  to   space 16896K, 0% used [0x00000000e0100000,0x00000000e0100000,0x00000000e1180000)
 ParOldGen       total 94720K, used 24246K [0x0000000082000000, 0x0000000087c80000, 0x00000000d6000000)
  object space 94720K, 25% used [0x0000000082000000,0x00000000837adbc8,0x0000000087c80000)
 Metaspace       used 56171K, capacity 57388K, committed 57728K, reserved 1099776K
  class space    used 6586K, capacity 6947K, committed 7040K, reserved 1048576K
}
Event: 10.611 GC heap before
{Heap before GC invocations=16 (full 2):
 PSYoungGen      total 125440K, used 26962K [0x00000000d6000000, 0x00000000e1180000, 0x0000000100000000)
  eden space 112128K, 12% used [0x00000000d6000000,0x00000000d6d57c10,0x00000000dcd80000)
  from space 13312K, 99% used [0x00000000dcd80000,0x00000000dda7cf90,0x00000000dda80000)
  to   space 16896K, 0% used [0x00000000e0100000,0x00000000e0100000,0x00000000e1180000)
 ParOldGen       total 94720K, used 24246K [0x0000000082000000, 0x0000000087c80000, 0x00000000d6000000)
  object space 94720K, 25% used [0x0000000082000000,0x00000000837adbc8,0x0000000087c80000)
 Metaspace       used 58221K, capacity 59410K, committed 59716K, reserved 1101824K
  class space    used 6846K, capacity 7172K, committed 7296K, reserved 1048576K
Event: 10.625 GC heap after
Heap after GC invocations=16 (full 2):
 PSYoungGen      total 164864K, used 10484K [0x00000000d6000000, 0x00000000e1880000, 0x0000000100000000)
  eden space 147968K, 0% used [0x00000000d6000000,0x00000000d6000000,0x00000000df080000)
  from space 16896K, 62% used [0x00000000e0100000,0x00000000e0b3d350,0x00000000e1180000)
  to   space 16896K, 0% used [0x00000000df080000,0x00000000df080000,0x00000000e0100000)
 ParOldGen       total 94720K, used 28041K [0x0000000082000000, 0x0000000087c80000, 0x00000000d6000000)
  object space 94720K, 29% used [0x0000000082000000,0x0000000083b624f8,0x0000000087c80000)
 Metaspace       used 58221K, capacity 59410K, committed 59716K, reserved 1101824K
  class space    used 6846K, capacity 7172K, committed 7296K, reserved 1048576K
}
Event: 10.625 GC heap before
{Heap before GC invocations=17 (full 3):
 PSYoungGen      total 164864K, used 10484K [0x00000000d6000000, 0x00000000e1880000, 0x0000000100000000)
  eden space 147968K, 0% used [0x00000000d6000000,0x00000000d6000000,0x00000000df080000)
  from space 16896K, 62% used [0x00000000e0100000,0x00000000e0b3d350,0x00000000e1180000)
  to   space 16896K, 0% used [0x00000000df080000,0x00000000df080000,0x00000000e0100000)
 ParOldGen       total 94720K, used 28041K [0x0000000082000000, 0x0000000087c80000, 0x00000000d6000000)
  object space 94720K, 29% used [0x0000000082000000,0x0000000083b624f8,0x0000000087c80000)
 Metaspace       used 58221K, capacity 59410K, committed 59716K, reserved 1101824K
  class space    used 6846K, capacity 7172K, committed 7296K, reserved 1048576K
Event: 10.830 GC heap after
Heap after GC invocations=17 (full 3):
 PSYoungGen      total 164864K, used 0K [0x00000000d6000000, 0x00000000e1880000, 0x0000000100000000)
  eden space 147968K, 0% used [0x00000000d6000000,0x00000000d6000000,0x00000000df080000)
  from space 16896K, 0% used [0x00000000e0100000,0x00000000e0100000,0x00000000e1180000)
  to   space 16896K, 0% used [0x00000000df080000,0x00000000df080000,0x00000000e0100000)
 ParOldGen       total 126976K, used 33303K [0x0000000082000000, 0x0000000089c00000, 0x00000000d6000000)
  object space 126976K, 26% used [0x0000000082000000,0x0000000084085e38,0x0000000089c00000)
 Metaspace       used 58221K, capacity 59410K, committed 59716K, reserved 1101824K
  class space    used 6846K, capacity 7172K, committed 7296K, reserved 1048576K
}
Event: 12.311 GC heap before
{Heap before GC invocations=18 (full 3):
 PSYoungGen      total 164864K, used 147968K [0x00000000d6000000, 0x00000000e1880000, 0x0000000100000000)
  eden space 147968K, 100% used [0x00000000d6000000,0x00000000df080000,0x00000000df080000)
  from space 16896K, 0% used [0x00000000e0100000,0x00000000e0100000,0x00000000e1180000)
  to   space 16896K, 0% used [0x00000000df080000,0x00000000df080000,0x00000000e0100000)
 ParOldGen       total 126976K, used 33303K [0x0000000082000000, 0x0000000089c00000, 0x00000000d6000000)
  object space 126976K, 26% used [0x0000000082000000,0x0000000084085e38,0x0000000089c00000)
 Metaspace       used 62153K, capacity 63450K, committed 63684K, reserved 1105920K
  class space    used 7274K, capacity 7616K, committed 7680K, reserved 1048576K
Event: 12.327 GC heap after
Heap after GC invocations=18 (full 3):
 PSYoungGen      total 164864K, used 7927K [0x00000000d6000000, 0x00000000e3e80000, 0x0000000100000000)
  eden space 147968K, 0% used [0x00000000d6000000,0x00000000d6000000,0x00000000df080000)
  from space 16896K, 46% used [0x00000000df080000,0x00000000df83dcc0,0x00000000e0100000)
  to   space 15872K, 0% used [0x00000000e2f00000,0x00000000e2f00000,0x00000000e3e80000)
 ParOldGen       total 126976K, used 33311K [0x0000000082000000, 0x0000000089c00000, 0x00000000d6000000)
  object space 126976K, 26% used [0x0000000082000000,0x0000000084087e38,0x0000000089c00000)
 Metaspace       used 62153K, capacity 63450K, committed 63684K, reserved 1105920K
  class space    used 7274K, capacity 7616K, committed 7680K, reserved 1048576K
}

